
2019-05-25T13:39:57+02:00 INFO (6): Bootstrap Bootstrap::_initLogging
2019-05-25T13:39:58+02:00 INFO (6): Bootstrap Bootstrap::_initLogging
2019-05-25T13:40:08+02:00 INFO (6): Bootstrap Bootstrap::_initLogging
2019-05-25T13:40:08+02:00 INFO (6): catalog
2019-05-25T13:40:08+02:00 INFO (6): 60
2019-05-25T13:40:08+02:00 INFO (6): 100
2019-05-25T13:40:08+02:00 INFO (6): 4
2019-05-25T13:40:08+02:00 INFO (6): prese vetture
2019-05-25T13:41:21+02:00 INFO (6): Bootstrap Bootstrap::_initLogging
2019-05-25T13:41:23+02:00 INFO (6): Bootstrap Bootstrap::_initLogging
2019-05-25T13:41:31+02:00 INFO (6): Bootstrap Bootstrap::_initLogging
2019-05-25T13:41:31+02:00 INFO (6): prese vetture
2019-05-25T13:43:10+02:00 INFO (6): Bootstrap Bootstrap::_initLogging
2019-05-25T13:43:12+02:00 INFO (6): Bootstrap Bootstrap::_initLogging
2019-05-25T13:43:21+02:00 INFO (6): Bootstrap Bootstrap::_initLogging
2019-05-25T13:43:21+02:00 INFO (6): prese vetture
2019-05-25T13:43:28+02:00 INFO (6): Bootstrap Bootstrap::_initLogging
2019-05-25T13:43:28+02:00 INFO (6): prese vetture
2019-05-25T13:43:47+02:00 INFO (6): Bootstrap Bootstrap::_initLogging
2019-05-25T13:43:48+02:00 INFO (6): prese vetture
2019-05-25T13:43:57+02:00 INFO (6): Bootstrap Bootstrap::_initLogging
2019-05-25T13:43:57+02:00 INFO (6): prese vetture
2019-05-25T13:45:45+02:00 INFO (6): Bootstrap Bootstrap::_initLogging
2019-05-25T13:45:46+02:00 INFO (6): prese vetture
2019-05-25T13:45:47+02:00 INFO (6): Bootstrap Bootstrap::_initLogging
2019-05-25T13:45:48+02:00 INFO (6): prese vetture
2019-05-25T13:45:54+02:00 INFO (6): Bootstrap Bootstrap::_initLogging
2019-05-25T13:45:55+02:00 INFO (6): Bootstrap Bootstrap::_initLogging
2019-05-25T13:45:57+02:00 INFO (6): Bootstrap Bootstrap::_initLogging
2019-05-25T13:45:57+02:00 INFO (6): prese vetture
2019-05-25T13:46:23+02:00 INFO (6): Bootstrap Bootstrap::_initLogging
2019-05-25T13:46:25+02:00 INFO (6): Bootstrap Bootstrap::_initLogging
2019-05-25T13:46:27+02:00 INFO (6): Bootstrap Bootstrap::_initLogging
2019-05-25T13:46:27+02:00 INFO (6): prese vetture
2019-05-25T13:47:55+02:00 INFO (6): Bootstrap Bootstrap::_initLogging
2019-05-25T13:47:55+02:00 INFO (6): prese vetture
2019-05-25T13:48:37+02:00 INFO (6): Bootstrap Bootstrap::_initLogging
2019-05-25T13:48:39+02:00 INFO (6): Bootstrap Bootstrap::_initLogging
2019-05-25T13:48:59+02:00 INFO (6): Bootstrap Bootstrap::_initLogging
2019-05-25T13:48:59+02:00 INFO (6): prese vetture
2019-05-25T13:49:07+02:00 INFO (6): Bootstrap Bootstrap::_initLogging
2019-05-25T13:49:07+02:00 INFO (6): prese vetture
2019-05-25T13:49:10+02:00 INFO (6): Bootstrap Bootstrap::_initLogging
2019-05-25T13:49:10+02:00 INFO (6): Bootstrap Bootstrap::_initLogging
2019-05-25T13:49:27+02:00 INFO (6): Bootstrap Bootstrap::_initLogging
2019-05-25T13:49:30+02:00 INFO (6): Bootstrap Bootstrap::_initLogging
2019-05-25T13:49:33+02:00 INFO (6): Bootstrap Bootstrap::_initLogging
2019-05-25T13:50:20+02:00 INFO (6): Bootstrap Bootstrap::_initLogging
2019-05-25T13:50:22+02:00 INFO (6): Bootstrap Bootstrap::_initLogging
2019-05-25T13:50:34+02:00 INFO (6): Bootstrap Bootstrap::_initLogging
2019-05-25T13:50:37+02:00 INFO (6): Bootstrap Bootstrap::_initLogging
2019-05-25T13:50:37+02:00 INFO (6): Bootstrap Bootstrap::_initLogging
2019-05-25T13:50:40+02:00 INFO (6): Bootstrap Bootstrap::_initLogging
2019-05-25T13:50:43+02:00 INFO (6): Bootstrap Bootstrap::_initLogging
2019-05-25T13:51:33+02:00 INFO (6): Bootstrap Bootstrap::_initLogging
2019-05-25T13:51:35+02:00 INFO (6): Bootstrap Bootstrap::_initLogging
2019-05-25T13:51:48+02:00 INFO (6): Bootstrap Bootstrap::_initLogging
2019-05-25T15:34:43+02:00 INFO (6): Bootstrap Bootstrap::_initLogging
2019-05-25T15:34:56+02:00 INFO (6): Bootstrap Bootstrap::_initLogging
2019-05-25T15:35:00+02:00 INFO (6): Bootstrap Bootstrap::_initLogging
2019-05-25T15:36:11+02:00 INFO (6): Bootstrap Bootstrap::_initLogging
2019-05-25T15:44:15+02:00 INFO (6): Bootstrap Bootstrap::_initLogging
2019-05-25T15:44:44+02:00 INFO (6): Bootstrap Bootstrap::_initLogging
2019-05-25T15:48:04+02:00 INFO (6): Bootstrap Bootstrap::_initLogging
2019-05-25T15:48:06+02:00 INFO (6): Bootstrap Bootstrap::_initLogging
2019-05-25T15:48:23+02:00 INFO (6): Bootstrap Bootstrap::_initLogging
2019-05-25T15:48:25+02:00 INFO (6): Bootstrap Bootstrap::_initLogging
2019-05-25T15:48:26+02:00 INFO (6): Bootstrap Bootstrap::_initLogging
2019-05-25T15:51:07+02:00 INFO (6): Bootstrap Bootstrap::_initLogging
2019-05-25T15:51:11+02:00 INFO (6): Bootstrap Bootstrap::_initLogging
2019-05-25T16:19:31+02:00 INFO (6): Bootstrap Bootstrap::_initLogging
2019-05-25T16:19:41+02:00 INFO (6): Bootstrap Bootstrap::_initLogging
2019-05-25T16:19:57+02:00 INFO (6): Bootstrap Bootstrap::_initLogging
2019-05-25T16:20:05+02:00 INFO (6): Bootstrap Bootstrap::_initLogging
2019-05-25T16:20:23+02:00 INFO (6): Bootstrap Bootstrap::_initLogging
2019-05-25T16:20:35+02:00 INFO (6): Bootstrap Bootstrap::_initLogging
2019-05-25T16:20:36+02:00 INFO (6): Bootstrap Bootstrap::_initLogging
2019-05-25T16:20:41+02:00 INFO (6): Bootstrap Bootstrap::_initLogging
2019-05-25T16:24:01+02:00 INFO (6): Bootstrap Bootstrap::_initLogging
2019-05-25T16:24:05+02:00 INFO (6): Bootstrap Bootstrap::_initLogging
2019-05-25T16:24:11+02:00 INFO (6): Bootstrap Bootstrap::_initLogging
2019-05-25T16:26:48+02:00 INFO (6): Bootstrap Bootstrap::_initLogging
2019-05-26T12:11:07+02:00 INFO (6): Bootstrap Bootstrap::_initLogging
2019-05-26T12:11:10+02:00 INFO (6): Bootstrap Bootstrap::_initLogging
2019-05-26T12:11:12+02:00 INFO (6): Bootstrap Bootstrap::_initLogging
2019-05-26T12:11:14+02:00 INFO (6): Bootstrap Bootstrap::_initLogging
2019-05-26T12:11:17+02:00 INFO (6): Bootstrap Bootstrap::_initLogging
2019-05-26T13:02:42+02:00 INFO (6): Bootstrap Bootstrap::_initLogging
2019-05-26T13:02:45+02:00 INFO (6): Bootstrap Bootstrap::_initLogging
2019-05-26T13:02:47+02:00 INFO (6): Bootstrap Bootstrap::_initLogging
2019-05-26T13:02:48+02:00 INFO (6): Bootstrap Bootstrap::_initLogging
2019-05-26T13:02:49+02:00 INFO (6): Bootstrap Bootstrap::_initLogging
2019-05-26T13:02:50+02:00 INFO (6): Bootstrap Bootstrap::_initLogging
2019-05-26T13:02:51+02:00 INFO (6): Bootstrap Bootstrap::_initLogging
2019-05-26T13:07:22+02:00 INFO (6): Bootstrap Bootstrap::_initLogging
2019-05-26T13:07:23+02:00 INFO (6): Bootstrap Bootstrap::_initLogging
2019-05-26T13:07:24+02:00 INFO (6): Bootstrap Bootstrap::_initLogging
2019-05-26T13:07:25+02:00 INFO (6): Bootstrap Bootstrap::_initLogging
2019-05-26T13:07:26+02:00 INFO (6): Bootstrap Bootstrap::_initLogging
2019-05-26T13:07:26+02:00 INFO (6): Bootstrap Bootstrap::_initLogging
2019-05-26T13:07:27+02:00 INFO (6): Bootstrap Bootstrap::_initLogging
2019-05-26T13:15:56+02:00 INFO (6): Bootstrap Bootstrap::_initLogging
2019-05-26T13:15:57+02:00 INFO (6): Bootstrap Bootstrap::_initLogging
2019-05-26T13:15:59+02:00 INFO (6): Bootstrap Bootstrap::_initLogging
2019-05-26T13:16:01+02:00 INFO (6): Bootstrap Bootstrap::_initLogging
2019-05-26T13:16:02+02:00 INFO (6): Bootstrap Bootstrap::_initLogging
2019-05-26T13:20:28+02:00 INFO (6): Bootstrap Bootstrap::_initLogging
2019-05-26T13:20:30+02:00 INFO (6): Bootstrap Bootstrap::_initLogging
2019-05-26T13:20:31+02:00 INFO (6): Bootstrap Bootstrap::_initLogging
2019-05-26T13:20:32+02:00 INFO (6): Bootstrap Bootstrap::_initLogging
2019-05-26T13:20:34+02:00 INFO (6): Bootstrap Bootstrap::_initLogging
2019-05-26T13:25:41+02:00 INFO (6): Bootstrap Bootstrap::_initLogging
2019-05-26T13:25:43+02:00 INFO (6): Bootstrap Bootstrap::_initLogging
2019-05-26T13:25:44+02:00 INFO (6): Bootstrap Bootstrap::_initLogging
2019-05-26T13:25:47+02:00 INFO (6): Bootstrap Bootstrap::_initLogging
2019-05-26T13:25:52+02:00 INFO (6): Bootstrap Bootstrap::_initLogging
2019-05-26T13:25:54+02:00 INFO (6): Bootstrap Bootstrap::_initLogging
2019-05-26T13:25:55+02:00 INFO (6): Bootstrap Bootstrap::_initLogging
2019-05-26T13:25:57+02:00 INFO (6): Bootstrap Bootstrap::_initLogging
2019-05-26T13:26:00+02:00 INFO (6): Bootstrap Bootstrap::_initLogging
2019-05-26T13:26:01+02:00 INFO (6): Bootstrap Bootstrap::_initLogging
2019-05-26T13:26:02+02:00 INFO (6): Bootstrap Bootstrap::_initLogging
2019-05-26T13:26:03+02:00 INFO (6): Bootstrap Bootstrap::_initLogging
2019-05-26T13:26:04+02:00 INFO (6): Bootstrap Bootstrap::_initLogging
2019-05-26T13:26:05+02:00 INFO (6): Bootstrap Bootstrap::_initLogging
2019-05-26T13:26:06+02:00 INFO (6): Bootstrap Bootstrap::_initLogging
2019-05-26T13:26:07+02:00 INFO (6): Bootstrap Bootstrap::_initLogging
2019-05-26T13:26:07+02:00 INFO (6): Bootstrap Bootstrap::_initLogging
2019-05-26T13:26:08+02:00 INFO (6): Bootstrap Bootstrap::_initLogging
2019-05-26T13:26:08+02:00 INFO (6): Bootstrap Bootstrap::_initLogging
2019-05-26T13:26:09+02:00 INFO (6): Bootstrap Bootstrap::_initLogging
2019-05-26T13:26:09+02:00 INFO (6): Bootstrap Bootstrap::_initLogging
2019-05-26T13:26:09+02:00 INFO (6): Bootstrap Bootstrap::_initLogging
2019-05-26T13:26:09+02:00 INFO (6): Bootstrap Bootstrap::_initLogging
2019-05-26T13:26:10+02:00 INFO (6): Bootstrap Bootstrap::_initLogging
2019-05-26T13:26:10+02:00 INFO (6): Bootstrap Bootstrap::_initLogging
2019-05-26T13:26:10+02:00 INFO (6): Bootstrap Bootstrap::_initLogging
2019-05-26T13:26:11+02:00 INFO (6): Bootstrap Bootstrap::_initLogging
2019-05-26T13:27:42+02:00 INFO (6): Bootstrap Bootstrap::_initLogging
2019-05-26T13:27:43+02:00 INFO (6): Bootstrap Bootstrap::_initLogging
2019-05-26T13:27:44+02:00 INFO (6): Bootstrap Bootstrap::_initLogging
2019-05-26T13:27:45+02:00 INFO (6): Bootstrap Bootstrap::_initLogging
2019-05-26T13:28:16+02:00 INFO (6): Bootstrap Bootstrap::_initLogging
2019-05-26T13:28:18+02:00 INFO (6): Bootstrap Bootstrap::_initLogging
2019-05-26T13:28:19+02:00 INFO (6): Bootstrap Bootstrap::_initLogging
2019-05-26T13:28:20+02:00 INFO (6): Bootstrap Bootstrap::_initLogging
2019-05-26T13:28:31+02:00 INFO (6): Bootstrap Bootstrap::_initLogging
2019-05-26T13:28:32+02:00 INFO (6): Bootstrap Bootstrap::_initLogging
2019-05-26T13:28:34+02:00 INFO (6): Bootstrap Bootstrap::_initLogging
2019-05-26T13:28:35+02:00 INFO (6): Bootstrap Bootstrap::_initLogging
2019-05-26T13:35:32+02:00 INFO (6): Bootstrap Bootstrap::_initLogging
2019-05-26T13:35:33+02:00 INFO (6): Bootstrap Bootstrap::_initLogging
2019-05-26T13:35:56+02:00 INFO (6): Bootstrap Bootstrap::_initLogging
2019-05-26T13:36:28+02:00 INFO (6): Bootstrap Bootstrap::_initLogging
2019-05-26T13:36:41+02:00 INFO (6): Bootstrap Bootstrap::_initLogging
2019-05-26T13:36:54+02:00 INFO (6): Bootstrap Bootstrap::_initLogging
2019-05-26T14:21:43+02:00 INFO (6): Bootstrap Bootstrap::_initLogging
2019-05-26T14:21:49+02:00 INFO (6): Bootstrap Bootstrap::_initLogging
2019-05-26T14:21:54+02:00 INFO (6): Bootstrap Bootstrap::_initLogging
2019-05-26T14:23:01+02:00 INFO (6): Bootstrap Bootstrap::_initLogging
2019-05-26T14:23:05+02:00 INFO (6): Bootstrap Bootstrap::_initLogging
2019-05-26T14:23:05+02:00 INFO (6): Bootstrap Bootstrap::_initLogging
2019-05-26T14:23:06+02:00 INFO (6): Bootstrap Bootstrap::_initLogging
2019-05-26T14:24:22+02:00 INFO (6): Bootstrap Bootstrap::_initLogging
2019-05-26T14:26:54+02:00 INFO (6): Bootstrap Bootstrap::_initLogging
2019-05-26T14:26:55+02:00 INFO (6): Bootstrap Bootstrap::_initLogging
2019-05-26T14:27:00+02:00 INFO (6): Bootstrap Bootstrap::_initLogging
2019-05-26T14:28:21+02:00 INFO (6): Bootstrap Bootstrap::_initLogging
2019-05-26T14:28:22+02:00 INFO (6): Bootstrap Bootstrap::_initLogging
2019-05-26T14:28:28+02:00 INFO (6): Bootstrap Bootstrap::_initLogging
2019-05-26T14:31:48+02:00 INFO (6): Bootstrap Bootstrap::_initLogging
2019-05-26T14:32:25+02:00 INFO (6): Bootstrap Bootstrap::_initLogging
2019-05-26T14:34:02+02:00 INFO (6): Bootstrap Bootstrap::_initLogging
2019-05-26T14:34:07+02:00 INFO (6): Bootstrap Bootstrap::_initLogging
2019-05-26T15:07:00+02:00 INFO (6): Bootstrap Bootstrap::_initLogging
2019-05-26T15:07:02+02:00 INFO (6): Bootstrap Bootstrap::_initLogging
2019-05-26T15:07:05+02:00 INFO (6): Bootstrap Bootstrap::_initLogging
2019-05-26T15:07:06+02:00 INFO (6): Bootstrap Bootstrap::_initLogging
2019-05-26T15:07:54+02:00 INFO (6): Bootstrap Bootstrap::_initLogging
2019-05-26T15:07:56+02:00 INFO (6): Bootstrap Bootstrap::_initLogging
2019-05-26T15:07:58+02:00 INFO (6): Bootstrap Bootstrap::_initLogging
2019-05-26T15:08:01+02:00 INFO (6): Bootstrap Bootstrap::_initLogging
2019-05-26T15:08:31+02:00 INFO (6): Bootstrap Bootstrap::_initLogging
2019-05-26T15:08:33+02:00 INFO (6): Bootstrap Bootstrap::_initLogging
2019-05-26T15:09:51+02:00 INFO (6): Bootstrap Bootstrap::_initLogging
2019-05-26T15:09:55+02:00 INFO (6): Bootstrap Bootstrap::_initLogging
2019-05-26T15:09:57+02:00 INFO (6): Bootstrap Bootstrap::_initLogging
2019-05-26T15:09:59+02:00 INFO (6): Bootstrap Bootstrap::_initLogging
2019-05-26T15:10:02+02:00 INFO (6): Bootstrap Bootstrap::_initLogging
2019-05-26T15:10:04+02:00 INFO (6): Bootstrap Bootstrap::_initLogging
2019-05-26T15:10:08+02:00 INFO (6): Bootstrap Bootstrap::_initLogging
2019-05-26T15:10:11+02:00 INFO (6): Bootstrap Bootstrap::_initLogging
2019-05-26T15:10:14+02:00 INFO (6): Bootstrap Bootstrap::_initLogging
2019-05-26T15:10:16+02:00 INFO (6): Bootstrap Bootstrap::_initLogging
2019-05-26T15:10:18+02:00 INFO (6): Bootstrap Bootstrap::_initLogging
2019-05-26T15:10:19+02:00 INFO (6): Bootstrap Bootstrap::_initLogging
2019-05-26T15:10:21+02:00 INFO (6): Bootstrap Bootstrap::_initLogging
2019-05-26T15:10:23+02:00 INFO (6): Bootstrap Bootstrap::_initLogging
2019-05-26T15:10:25+02:00 INFO (6): Bootstrap Bootstrap::_initLogging
2019-05-26T15:10:28+02:00 INFO (6): Bootstrap Bootstrap::_initLogging
2019-05-26T15:10:30+02:00 INFO (6): Bootstrap Bootstrap::_initLogging
2019-05-26T15:10:32+02:00 INFO (6): Bootstrap Bootstrap::_initLogging
2019-05-26T15:10:34+02:00 INFO (6): Bootstrap Bootstrap::_initLogging
2019-05-26T15:10:36+02:00 INFO (6): Bootstrap Bootstrap::_initLogging
2019-05-26T15:10:39+02:00 INFO (6): Bootstrap Bootstrap::_initLogging
2019-05-26T15:10:41+02:00 INFO (6): Bootstrap Bootstrap::_initLogging
2019-05-26T15:10:43+02:00 INFO (6): Bootstrap Bootstrap::_initLogging
2019-05-26T15:10:45+02:00 INFO (6): Bootstrap Bootstrap::_initLogging
2019-05-26T15:10:48+02:00 INFO (6): Bootstrap Bootstrap::_initLogging
2019-05-26T15:10:50+02:00 INFO (6): Bootstrap Bootstrap::_initLogging
2019-05-26T15:10:52+02:00 INFO (6): Bootstrap Bootstrap::_initLogging
2019-05-26T15:10:54+02:00 INFO (6): Bootstrap Bootstrap::_initLogging
2019-05-26T15:10:56+02:00 INFO (6): Bootstrap Bootstrap::_initLogging
2019-05-26T15:10:57+02:00 INFO (6): Bootstrap Bootstrap::_initLogging
2019-05-26T15:10:59+02:00 INFO (6): Bootstrap Bootstrap::_initLogging
2019-05-26T15:11:01+02:00 INFO (6): Bootstrap Bootstrap::_initLogging
2019-05-26T15:11:03+02:00 INFO (6): Bootstrap Bootstrap::_initLogging
2019-05-26T15:11:05+02:00 INFO (6): Bootstrap Bootstrap::_initLogging
2019-05-26T15:11:07+02:00 INFO (6): Bootstrap Bootstrap::_initLogging
2019-05-26T15:11:09+02:00 INFO (6): Bootstrap Bootstrap::_initLogging
2019-05-26T15:11:11+02:00 INFO (6): Bootstrap Bootstrap::_initLogging
2019-05-26T15:11:13+02:00 INFO (6): Bootstrap Bootstrap::_initLogging
2019-05-26T15:11:15+02:00 INFO (6): Bootstrap Bootstrap::_initLogging
2019-05-26T15:11:17+02:00 INFO (6): Bootstrap Bootstrap::_initLogging
2019-05-26T15:11:19+02:00 INFO (6): Bootstrap Bootstrap::_initLogging
2019-05-26T15:11:21+02:00 INFO (6): Bootstrap Bootstrap::_initLogging
2019-05-26T15:11:22+02:00 INFO (6): Bootstrap Bootstrap::_initLogging
2019-05-26T15:11:24+02:00 INFO (6): Bootstrap Bootstrap::_initLogging
2019-05-26T15:11:26+02:00 INFO (6): Bootstrap Bootstrap::_initLogging
2019-05-26T15:11:29+02:00 INFO (6): Bootstrap Bootstrap::_initLogging
2019-05-26T15:11:31+02:00 INFO (6): Bootstrap Bootstrap::_initLogging
2019-05-26T15:11:33+02:00 INFO (6): Bootstrap Bootstrap::_initLogging
2019-05-26T15:11:35+02:00 INFO (6): Bootstrap Bootstrap::_initLogging
2019-05-26T15:11:37+02:00 INFO (6): Bootstrap Bootstrap::_initLogging
2019-05-26T15:11:38+02:00 INFO (6): Bootstrap Bootstrap::_initLogging
2019-05-26T15:11:40+02:00 INFO (6): Bootstrap Bootstrap::_initLogging
2019-05-26T15:11:42+02:00 INFO (6): Bootstrap Bootstrap::_initLogging
2019-05-26T15:11:44+02:00 INFO (6): Bootstrap Bootstrap::_initLogging
2019-05-26T15:11:46+02:00 INFO (6): Bootstrap Bootstrap::_initLogging
2019-05-26T15:11:48+02:00 INFO (6): Bootstrap Bootstrap::_initLogging
2019-05-26T15:11:50+02:00 INFO (6): Bootstrap Bootstrap::_initLogging
2019-05-26T15:11:51+02:00 INFO (6): Bootstrap Bootstrap::_initLogging
2019-05-26T15:11:53+02:00 INFO (6): Bootstrap Bootstrap::_initLogging
2019-05-26T15:11:56+02:00 INFO (6): Bootstrap Bootstrap::_initLogging
2019-05-26T15:11:58+02:00 INFO (6): Bootstrap Bootstrap::_initLogging
2019-05-26T15:12:00+02:00 INFO (6): Bootstrap Bootstrap::_initLogging
2019-05-26T15:12:01+02:00 INFO (6): Bootstrap Bootstrap::_initLogging
2019-05-26T15:12:03+02:00 INFO (6): Bootstrap Bootstrap::_initLogging
2019-05-26T15:12:05+02:00 INFO (6): Bootstrap Bootstrap::_initLogging
2019-05-26T15:12:07+02:00 INFO (6): Bootstrap Bootstrap::_initLogging
2019-05-26T15:12:09+02:00 INFO (6): Bootstrap Bootstrap::_initLogging
2019-05-26T15:12:11+02:00 INFO (6): Bootstrap Bootstrap::_initLogging
2019-05-26T15:12:13+02:00 INFO (6): Bootstrap Bootstrap::_initLogging
2019-05-26T15:12:15+02:00 INFO (6): Bootstrap Bootstrap::_initLogging
2019-05-26T15:12:16+02:00 INFO (6): Bootstrap Bootstrap::_initLogging
2019-05-26T15:12:18+02:00 INFO (6): Bootstrap Bootstrap::_initLogging
2019-05-26T15:12:20+02:00 INFO (6): Bootstrap Bootstrap::_initLogging
2019-05-26T15:12:22+02:00 INFO (6): Bootstrap Bootstrap::_initLogging
2019-05-26T15:12:24+02:00 INFO (6): Bootstrap Bootstrap::_initLogging
2019-05-26T15:12:26+02:00 INFO (6): Bootstrap Bootstrap::_initLogging
2019-05-26T15:12:28+02:00 INFO (6): Bootstrap Bootstrap::_initLogging
2019-05-26T15:12:30+02:00 INFO (6): Bootstrap Bootstrap::_initLogging
2019-05-26T15:12:31+02:00 INFO (6): Bootstrap Bootstrap::_initLogging
2019-05-26T15:12:33+02:00 INFO (6): Bootstrap Bootstrap::_initLogging
2019-05-26T15:12:35+02:00 INFO (6): Bootstrap Bootstrap::_initLogging
2019-05-26T15:12:37+02:00 INFO (6): Bootstrap Bootstrap::_initLogging
2019-05-26T15:12:39+02:00 INFO (6): Bootstrap Bootstrap::_initLogging
2019-05-26T15:12:41+02:00 INFO (6): Bootstrap Bootstrap::_initLogging
2019-05-26T15:12:43+02:00 INFO (6): Bootstrap Bootstrap::_initLogging
2019-05-26T15:12:45+02:00 INFO (6): Bootstrap Bootstrap::_initLogging
2019-05-26T15:12:47+02:00 INFO (6): Bootstrap Bootstrap::_initLogging
2019-05-26T15:12:48+02:00 INFO (6): Bootstrap Bootstrap::_initLogging
2019-05-26T15:12:50+02:00 INFO (6): Bootstrap Bootstrap::_initLogging
2019-05-26T15:12:52+02:00 INFO (6): Bootstrap Bootstrap::_initLogging
2019-05-26T15:12:54+02:00 INFO (6): Bootstrap Bootstrap::_initLogging
2019-05-26T15:12:56+02:00 INFO (6): Bootstrap Bootstrap::_initLogging
2019-05-26T15:12:58+02:00 INFO (6): Bootstrap Bootstrap::_initLogging
2019-05-26T15:13:00+02:00 INFO (6): Bootstrap Bootstrap::_initLogging
2019-05-26T15:13:02+02:00 INFO (6): Bootstrap Bootstrap::_initLogging
2019-05-26T15:13:03+02:00 INFO (6): Bootstrap Bootstrap::_initLogging
2019-05-26T15:13:05+02:00 INFO (6): Bootstrap Bootstrap::_initLogging
2019-05-26T15:13:07+02:00 INFO (6): Bootstrap Bootstrap::_initLogging
2019-05-26T15:13:09+02:00 INFO (6): Bootstrap Bootstrap::_initLogging
2019-05-26T15:13:11+02:00 INFO (6): Bootstrap Bootstrap::_initLogging
2019-05-26T15:13:13+02:00 INFO (6): Bootstrap Bootstrap::_initLogging
2019-05-26T15:13:15+02:00 INFO (6): Bootstrap Bootstrap::_initLogging
2019-05-26T15:13:16+02:00 INFO (6): Bootstrap Bootstrap::_initLogging
2019-05-26T15:13:18+02:00 INFO (6): Bootstrap Bootstrap::_initLogging
2019-05-26T15:13:20+02:00 INFO (6): Bootstrap Bootstrap::_initLogging
2019-05-26T15:13:22+02:00 INFO (6): Bootstrap Bootstrap::_initLogging
2019-05-26T15:13:24+02:00 INFO (6): Bootstrap Bootstrap::_initLogging
2019-05-26T15:13:26+02:00 INFO (6): Bootstrap Bootstrap::_initLogging
2019-05-26T15:13:28+02:00 INFO (6): Bootstrap Bootstrap::_initLogging
2019-05-26T15:13:29+02:00 INFO (6): Bootstrap Bootstrap::_initLogging
2019-05-26T15:13:31+02:00 INFO (6): Bootstrap Bootstrap::_initLogging
2019-05-26T15:13:33+02:00 INFO (6): Bootstrap Bootstrap::_initLogging
2019-05-26T15:13:35+02:00 INFO (6): Bootstrap Bootstrap::_initLogging
2019-05-26T15:13:37+02:00 INFO (6): Bootstrap Bootstrap::_initLogging
2019-05-26T15:13:39+02:00 INFO (6): Bootstrap Bootstrap::_initLogging
2019-05-26T15:13:41+02:00 INFO (6): Bootstrap Bootstrap::_initLogging
2019-05-26T15:13:43+02:00 INFO (6): Bootstrap Bootstrap::_initLogging
2019-05-26T15:13:45+02:00 INFO (6): Bootstrap Bootstrap::_initLogging
2019-05-26T15:13:46+02:00 INFO (6): Bootstrap Bootstrap::_initLogging
2019-05-26T15:13:48+02:00 INFO (6): Bootstrap Bootstrap::_initLogging
2019-05-26T15:13:50+02:00 INFO (6): Bootstrap Bootstrap::_initLogging
2019-05-26T15:13:52+02:00 INFO (6): Bootstrap Bootstrap::_initLogging
2019-05-26T15:13:54+02:00 INFO (6): Bootstrap Bootstrap::_initLogging
2019-05-26T15:13:56+02:00 INFO (6): Bootstrap Bootstrap::_initLogging
2019-05-26T15:13:58+02:00 INFO (6): Bootstrap Bootstrap::_initLogging
2019-05-26T15:13:59+02:00 INFO (6): Bootstrap Bootstrap::_initLogging
2019-05-26T15:14:01+02:00 INFO (6): Bootstrap Bootstrap::_initLogging
2019-05-26T15:14:03+02:00 INFO (6): Bootstrap Bootstrap::_initLogging
2019-05-26T15:14:05+02:00 INFO (6): Bootstrap Bootstrap::_initLogging
2019-05-26T15:14:07+02:00 INFO (6): Bootstrap Bootstrap::_initLogging
2019-05-26T15:14:09+02:00 INFO (6): Bootstrap Bootstrap::_initLogging
2019-05-26T15:14:11+02:00 INFO (6): Bootstrap Bootstrap::_initLogging
2019-05-26T15:14:13+02:00 INFO (6): Bootstrap Bootstrap::_initLogging
2019-05-26T15:14:14+02:00 INFO (6): Bootstrap Bootstrap::_initLogging
2019-05-26T15:14:16+02:00 INFO (6): Bootstrap Bootstrap::_initLogging
2019-05-26T15:14:18+02:00 INFO (6): Bootstrap Bootstrap::_initLogging
2019-05-26T15:14:20+02:00 INFO (6): Bootstrap Bootstrap::_initLogging
2019-05-26T15:14:22+02:00 INFO (6): Bootstrap Bootstrap::_initLogging
2019-05-26T15:14:24+02:00 INFO (6): Bootstrap Bootstrap::_initLogging
2019-05-26T15:14:26+02:00 INFO (6): Bootstrap Bootstrap::_initLogging
2019-05-26T15:14:28+02:00 INFO (6): Bootstrap Bootstrap::_initLogging
2019-05-26T15:14:29+02:00 INFO (6): Bootstrap Bootstrap::_initLogging
2019-05-26T15:14:31+02:00 INFO (6): Bootstrap Bootstrap::_initLogging
2019-05-26T15:14:33+02:00 INFO (6): Bootstrap Bootstrap::_initLogging
2019-05-26T15:14:35+02:00 INFO (6): Bootstrap Bootstrap::_initLogging
2019-05-26T15:14:37+02:00 INFO (6): Bootstrap Bootstrap::_initLogging
2019-05-26T15:14:39+02:00 INFO (6): Bootstrap Bootstrap::_initLogging
2019-05-26T15:14:41+02:00 INFO (6): Bootstrap Bootstrap::_initLogging
2019-05-26T15:14:43+02:00 INFO (6): Bootstrap Bootstrap::_initLogging
2019-05-26T15:14:44+02:00 INFO (6): Bootstrap Bootstrap::_initLogging
2019-05-26T15:14:48+02:00 INFO (6): Bootstrap Bootstrap::_initLogging
2019-05-26T15:14:50+02:00 INFO (6): Bootstrap Bootstrap::_initLogging
2019-05-26T15:14:52+02:00 INFO (6): Bootstrap Bootstrap::_initLogging
2019-05-26T15:14:54+02:00 INFO (6): Bootstrap Bootstrap::_initLogging
2019-05-26T15:14:56+02:00 INFO (6): Bootstrap Bootstrap::_initLogging
2019-05-26T15:14:58+02:00 INFO (6): Bootstrap Bootstrap::_initLogging
2019-05-26T15:15:00+02:00 INFO (6): Bootstrap Bootstrap::_initLogging
2019-05-26T15:15:01+02:00 INFO (6): Bootstrap Bootstrap::_initLogging
2019-05-26T15:15:03+02:00 INFO (6): Bootstrap Bootstrap::_initLogging
2019-05-26T15:15:05+02:00 INFO (6): Bootstrap Bootstrap::_initLogging
2019-05-26T15:15:07+02:00 INFO (6): Bootstrap Bootstrap::_initLogging
2019-05-26T15:15:09+02:00 INFO (6): Bootstrap Bootstrap::_initLogging
2019-05-26T15:15:11+02:00 INFO (6): Bootstrap Bootstrap::_initLogging
2019-05-26T15:15:13+02:00 INFO (6): Bootstrap Bootstrap::_initLogging
2019-05-26T15:15:14+02:00 INFO (6): Bootstrap Bootstrap::_initLogging
2019-05-26T15:15:15+02:00 INFO (6): Bootstrap Bootstrap::_initLogging
2019-05-26T15:15:16+02:00 INFO (6): Bootstrap Bootstrap::_initLogging
2019-05-26T15:15:18+02:00 INFO (6): Bootstrap Bootstrap::_initLogging
2019-05-26T15:15:21+02:00 INFO (6): Bootstrap Bootstrap::_initLogging
2019-05-26T15:15:23+02:00 INFO (6): Bootstrap Bootstrap::_initLogging
2019-05-26T15:15:25+02:00 INFO (6): Bootstrap Bootstrap::_initLogging
2019-05-26T15:15:27+02:00 INFO (6): Bootstrap Bootstrap::_initLogging
2019-05-26T15:15:29+02:00 INFO (6): Bootstrap Bootstrap::_initLogging
2019-05-26T15:15:30+02:00 INFO (6): Bootstrap Bootstrap::_initLogging
2019-05-26T15:15:32+02:00 INFO (6): Bootstrap Bootstrap::_initLogging
2019-05-26T15:15:34+02:00 INFO (6): Bootstrap Bootstrap::_initLogging
2019-05-26T15:15:36+02:00 INFO (6): Bootstrap Bootstrap::_initLogging
2019-05-26T15:15:38+02:00 INFO (6): Bootstrap Bootstrap::_initLogging
2019-05-26T15:15:40+02:00 INFO (6): Bootstrap Bootstrap::_initLogging
2019-05-26T15:15:42+02:00 INFO (6): Bootstrap Bootstrap::_initLogging
2019-05-26T15:15:44+02:00 INFO (6): Bootstrap Bootstrap::_initLogging
2019-05-26T15:15:45+02:00 INFO (6): Bootstrap Bootstrap::_initLogging
2019-05-26T15:15:47+02:00 INFO (6): Bootstrap Bootstrap::_initLogging
2019-05-26T15:15:49+02:00 INFO (6): Bootstrap Bootstrap::_initLogging
2019-05-26T15:15:51+02:00 INFO (6): Bootstrap Bootstrap::_initLogging
2019-05-26T15:15:53+02:00 INFO (6): Bootstrap Bootstrap::_initLogging
2019-05-26T15:15:55+02:00 INFO (6): Bootstrap Bootstrap::_initLogging
2019-05-26T15:15:57+02:00 INFO (6): Bootstrap Bootstrap::_initLogging
2019-05-26T15:15:58+02:00 INFO (6): Bootstrap Bootstrap::_initLogging
2019-05-26T15:16:00+02:00 INFO (6): Bootstrap Bootstrap::_initLogging
2019-05-26T15:16:02+02:00 INFO (6): Bootstrap Bootstrap::_initLogging
2019-05-26T15:16:04+02:00 INFO (6): Bootstrap Bootstrap::_initLogging
2019-05-26T15:16:06+02:00 INFO (6): Bootstrap Bootstrap::_initLogging
2019-05-26T15:16:08+02:00 INFO (6): Bootstrap Bootstrap::_initLogging
2019-05-26T15:16:10+02:00 INFO (6): Bootstrap Bootstrap::_initLogging
2019-05-26T15:16:11+02:00 INFO (6): Bootstrap Bootstrap::_initLogging
2019-05-26T15:16:13+02:00 INFO (6): Bootstrap Bootstrap::_initLogging
2019-05-26T15:16:15+02:00 INFO (6): Bootstrap Bootstrap::_initLogging
2019-05-26T15:16:17+02:00 INFO (6): Bootstrap Bootstrap::_initLogging
2019-05-26T15:16:21+02:00 INFO (6): Bootstrap Bootstrap::_initLogging
2019-05-26T15:16:31+02:00 INFO (6): Bootstrap Bootstrap::_initLogging
2019-05-26T15:16:36+02:00 INFO (6): Bootstrap Bootstrap::_initLogging
2019-05-26T15:16:38+02:00 INFO (6): Bootstrap Bootstrap::_initLogging
2019-05-26T15:16:40+02:00 INFO (6): Bootstrap Bootstrap::_initLogging
2019-05-26T15:16:42+02:00 INFO (6): Bootstrap Bootstrap::_initLogging
2019-05-26T15:16:43+02:00 INFO (6): Bootstrap Bootstrap::_initLogging
2019-05-26T15:16:45+02:00 INFO (6): Bootstrap Bootstrap::_initLogging
2019-05-26T15:16:47+02:00 INFO (6): Bootstrap Bootstrap::_initLogging
2019-05-26T15:16:49+02:00 INFO (6): Bootstrap Bootstrap::_initLogging
2019-05-26T15:16:51+02:00 INFO (6): Bootstrap Bootstrap::_initLogging
2019-05-26T15:16:53+02:00 INFO (6): Bootstrap Bootstrap::_initLogging
2019-05-26T15:16:55+02:00 INFO (6): Bootstrap Bootstrap::_initLogging
2019-05-26T15:16:56+02:00 INFO (6): Bootstrap Bootstrap::_initLogging
2019-05-26T15:16:58+02:00 INFO (6): Bootstrap Bootstrap::_initLogging
2019-05-26T15:17:00+02:00 INFO (6): Bootstrap Bootstrap::_initLogging
2019-05-26T15:17:02+02:00 INFO (6): Bootstrap Bootstrap::_initLogging
2019-05-26T15:17:04+02:00 INFO (6): Bootstrap Bootstrap::_initLogging
2019-05-26T15:17:06+02:00 INFO (6): Bootstrap Bootstrap::_initLogging
2019-05-26T15:17:08+02:00 INFO (6): Bootstrap Bootstrap::_initLogging
2019-05-26T15:17:09+02:00 INFO (6): Bootstrap Bootstrap::_initLogging
2019-05-26T15:17:11+02:00 INFO (6): Bootstrap Bootstrap::_initLogging
2019-05-26T15:17:13+02:00 INFO (6): Bootstrap Bootstrap::_initLogging
2019-05-26T15:17:15+02:00 INFO (6): Bootstrap Bootstrap::_initLogging
2019-05-26T15:17:17+02:00 INFO (6): Bootstrap Bootstrap::_initLogging
2019-05-26T15:17:19+02:00 INFO (6): Bootstrap Bootstrap::_initLogging
2019-05-26T15:17:21+02:00 INFO (6): Bootstrap Bootstrap::_initLogging
2019-05-26T15:17:23+02:00 INFO (6): Bootstrap Bootstrap::_initLogging
2019-05-26T15:17:24+02:00 INFO (6): Bootstrap Bootstrap::_initLogging
2019-05-26T15:17:26+02:00 INFO (6): Bootstrap Bootstrap::_initLogging
2019-05-26T15:17:28+02:00 INFO (6): Bootstrap Bootstrap::_initLogging
2019-05-26T15:17:30+02:00 INFO (6): Bootstrap Bootstrap::_initLogging
2019-05-26T15:17:32+02:00 INFO (6): Bootstrap Bootstrap::_initLogging
2019-05-26T15:17:34+02:00 INFO (6): Bootstrap Bootstrap::_initLogging
2019-05-26T15:17:36+02:00 INFO (6): Bootstrap Bootstrap::_initLogging
2019-05-26T15:17:37+02:00 INFO (6): Bootstrap Bootstrap::_initLogging
2019-05-26T15:17:39+02:00 INFO (6): Bootstrap Bootstrap::_initLogging
2019-05-26T15:17:41+02:00 INFO (6): Bootstrap Bootstrap::_initLogging
2019-05-26T15:17:43+02:00 INFO (6): Bootstrap Bootstrap::_initLogging
2019-05-26T15:17:45+02:00 INFO (6): Bootstrap Bootstrap::_initLogging
2019-05-26T15:17:47+02:00 INFO (6): Bootstrap Bootstrap::_initLogging
2019-05-26T15:17:49+02:00 INFO (6): Bootstrap Bootstrap::_initLogging
2019-05-26T15:17:50+02:00 INFO (6): Bootstrap Bootstrap::_initLogging
2019-05-26T15:17:52+02:00 INFO (6): Bootstrap Bootstrap::_initLogging
2019-05-26T15:17:54+02:00 INFO (6): Bootstrap Bootstrap::_initLogging
2019-05-26T15:17:56+02:00 INFO (6): Bootstrap Bootstrap::_initLogging
2019-05-26T15:17:58+02:00 INFO (6): Bootstrap Bootstrap::_initLogging
2019-05-26T15:18:00+02:00 INFO (6): Bootstrap Bootstrap::_initLogging
2019-05-26T15:18:02+02:00 INFO (6): Bootstrap Bootstrap::_initLogging
2019-05-26T15:18:04+02:00 INFO (6): Bootstrap Bootstrap::_initLogging
2019-05-26T15:18:06+02:00 INFO (6): Bootstrap Bootstrap::_initLogging
2019-05-26T15:18:07+02:00 INFO (6): Bootstrap Bootstrap::_initLogging
2019-05-26T15:18:09+02:00 INFO (6): Bootstrap Bootstrap::_initLogging
2019-05-26T15:18:11+02:00 INFO (6): Bootstrap Bootstrap::_initLogging
2019-05-26T15:18:13+02:00 INFO (6): Bootstrap Bootstrap::_initLogging
2019-05-26T15:18:15+02:00 INFO (6): Bootstrap Bootstrap::_initLogging
2019-05-26T15:18:17+02:00 INFO (6): Bootstrap Bootstrap::_initLogging
2019-05-26T15:18:19+02:00 INFO (6): Bootstrap Bootstrap::_initLogging
2019-05-26T15:18:20+02:00 INFO (6): Bootstrap Bootstrap::_initLogging
2019-05-26T15:18:22+02:00 INFO (6): Bootstrap Bootstrap::_initLogging
2019-05-26T15:18:24+02:00 INFO (6): Bootstrap Bootstrap::_initLogging
2019-05-26T15:18:26+02:00 INFO (6): Bootstrap Bootstrap::_initLogging
2019-05-26T15:18:28+02:00 INFO (6): Bootstrap Bootstrap::_initLogging
2019-05-26T15:18:30+02:00 INFO (6): Bootstrap Bootstrap::_initLogging
2019-05-26T15:18:32+02:00 INFO (6): Bootstrap Bootstrap::_initLogging
2019-05-26T15:18:34+02:00 INFO (6): Bootstrap Bootstrap::_initLogging
2019-05-26T15:18:35+02:00 INFO (6): Bootstrap Bootstrap::_initLogging
2019-05-26T15:18:37+02:00 INFO (6): Bootstrap Bootstrap::_initLogging
2019-05-26T15:18:39+02:00 INFO (6): Bootstrap Bootstrap::_initLogging
2019-05-26T15:18:41+02:00 INFO (6): Bootstrap Bootstrap::_initLogging
2019-05-26T15:18:43+02:00 INFO (6): Bootstrap Bootstrap::_initLogging
2019-05-26T15:18:45+02:00 INFO (6): Bootstrap Bootstrap::_initLogging
2019-05-26T15:18:46+02:00 INFO (6): Bootstrap Bootstrap::_initLogging
2019-05-26T15:18:48+02:00 INFO (6): Bootstrap Bootstrap::_initLogging
2019-05-26T15:18:50+02:00 INFO (6): Bootstrap Bootstrap::_initLogging
2019-05-26T15:18:52+02:00 INFO (6): Bootstrap Bootstrap::_initLogging
2019-05-26T15:18:54+02:00 INFO (6): Bootstrap Bootstrap::_initLogging
2019-05-26T15:18:56+02:00 INFO (6): Bootstrap Bootstrap::_initLogging
2019-05-26T15:18:58+02:00 INFO (6): Bootstrap Bootstrap::_initLogging
2019-05-26T15:18:59+02:00 INFO (6): Bootstrap Bootstrap::_initLogging
2019-05-26T15:19:01+02:00 INFO (6): Bootstrap Bootstrap::_initLogging
2019-05-26T15:19:03+02:00 INFO (6): Bootstrap Bootstrap::_initLogging
2019-05-26T15:19:05+02:00 INFO (6): Bootstrap Bootstrap::_initLogging
2019-05-26T15:19:07+02:00 INFO (6): Bootstrap Bootstrap::_initLogging
2019-05-26T15:19:09+02:00 INFO (6): Bootstrap Bootstrap::_initLogging
2019-05-26T15:19:11+02:00 INFO (6): Bootstrap Bootstrap::_initLogging
2019-05-26T15:19:12+02:00 INFO (6): Bootstrap Bootstrap::_initLogging
2019-05-26T15:19:14+02:00 INFO (6): Bootstrap Bootstrap::_initLogging
2019-05-26T15:19:16+02:00 INFO (6): Bootstrap Bootstrap::_initLogging
2019-05-26T15:19:18+02:00 INFO (6): Bootstrap Bootstrap::_initLogging
2019-05-26T15:19:20+02:00 INFO (6): Bootstrap Bootstrap::_initLogging
2019-05-26T15:19:22+02:00 INFO (6): Bootstrap Bootstrap::_initLogging
2019-05-26T15:19:24+02:00 INFO (6): Bootstrap Bootstrap::_initLogging
2019-05-26T15:19:26+02:00 INFO (6): Bootstrap Bootstrap::_initLogging
2019-05-26T15:19:28+02:00 INFO (6): Bootstrap Bootstrap::_initLogging
2019-05-26T15:19:30+02:00 INFO (6): Bootstrap Bootstrap::_initLogging
2019-05-26T15:19:31+02:00 INFO (6): Bootstrap Bootstrap::_initLogging
2019-05-26T15:19:33+02:00 INFO (6): Bootstrap Bootstrap::_initLogging
2019-05-26T15:19:35+02:00 INFO (6): Bootstrap Bootstrap::_initLogging
2019-05-26T15:19:37+02:00 INFO (6): Bootstrap Bootstrap::_initLogging
2019-05-26T15:19:39+02:00 INFO (6): Bootstrap Bootstrap::_initLogging
2019-05-26T15:19:41+02:00 INFO (6): Bootstrap Bootstrap::_initLogging
2019-05-26T15:19:43+02:00 INFO (6): Bootstrap Bootstrap::_initLogging
2019-05-26T15:19:45+02:00 INFO (6): Bootstrap Bootstrap::_initLogging
2019-05-26T15:19:46+02:00 INFO (6): Bootstrap Bootstrap::_initLogging
2019-05-26T15:19:48+02:00 INFO (6): Bootstrap Bootstrap::_initLogging
2019-05-26T15:19:50+02:00 INFO (6): Bootstrap Bootstrap::_initLogging
2019-05-26T15:19:52+02:00 INFO (6): Bootstrap Bootstrap::_initLogging
2019-05-26T15:19:54+02:00 INFO (6): Bootstrap Bootstrap::_initLogging
2019-05-26T15:19:56+02:00 INFO (6): Bootstrap Bootstrap::_initLogging
2019-05-26T15:19:58+02:00 INFO (6): Bootstrap Bootstrap::_initLogging
2019-05-26T15:19:59+02:00 INFO (6): Bootstrap Bootstrap::_initLogging
2019-05-26T15:20:01+02:00 INFO (6): Bootstrap Bootstrap::_initLogging
2019-05-26T15:20:03+02:00 INFO (6): Bootstrap Bootstrap::_initLogging
2019-05-26T15:20:05+02:00 INFO (6): Bootstrap Bootstrap::_initLogging
2019-05-26T15:20:07+02:00 INFO (6): Bootstrap Bootstrap::_initLogging
2019-05-26T15:20:09+02:00 INFO (6): Bootstrap Bootstrap::_initLogging
2019-05-26T15:20:10+02:00 INFO (6): Bootstrap Bootstrap::_initLogging
2019-05-26T15:20:12+02:00 INFO (6): Bootstrap Bootstrap::_initLogging
2019-05-26T15:20:14+02:00 INFO (6): Bootstrap Bootstrap::_initLogging
2019-05-26T15:20:16+02:00 INFO (6): Bootstrap Bootstrap::_initLogging
2019-05-26T15:20:18+02:00 INFO (6): Bootstrap Bootstrap::_initLogging
2019-05-26T15:20:20+02:00 INFO (6): Bootstrap Bootstrap::_initLogging
2019-05-26T15:20:21+02:00 INFO (6): Bootstrap Bootstrap::_initLogging
2019-05-26T15:20:22+02:00 INFO (6): Bootstrap Bootstrap::_initLogging
2019-05-26T15:20:24+02:00 INFO (6): Bootstrap Bootstrap::_initLogging
2019-05-26T15:20:26+02:00 INFO (6): Bootstrap Bootstrap::_initLogging
2019-05-26T15:20:28+02:00 INFO (6): Bootstrap Bootstrap::_initLogging
2019-05-26T15:20:30+02:00 INFO (6): Bootstrap Bootstrap::_initLogging
2019-05-26T15:20:32+02:00 INFO (6): Bootstrap Bootstrap::_initLogging
2019-05-26T15:20:33+02:00 INFO (6): Bootstrap Bootstrap::_initLogging
2019-05-26T15:20:35+02:00 INFO (6): Bootstrap Bootstrap::_initLogging
2019-05-26T15:20:37+02:00 INFO (6): Bootstrap Bootstrap::_initLogging
2019-05-26T15:20:39+02:00 INFO (6): Bootstrap Bootstrap::_initLogging
2019-05-26T15:20:41+02:00 INFO (6): Bootstrap Bootstrap::_initLogging
2019-05-26T15:20:43+02:00 INFO (6): Bootstrap Bootstrap::_initLogging
2019-05-26T15:20:45+02:00 INFO (6): Bootstrap Bootstrap::_initLogging
2019-05-26T15:20:47+02:00 INFO (6): Bootstrap Bootstrap::_initLogging
2019-05-26T15:20:48+02:00 INFO (6): Bootstrap Bootstrap::_initLogging
2019-05-26T15:20:50+02:00 INFO (6): Bootstrap Bootstrap::_initLogging
2019-05-26T15:20:52+02:00 INFO (6): Bootstrap Bootstrap::_initLogging
2019-05-26T15:20:54+02:00 INFO (6): Bootstrap Bootstrap::_initLogging
2019-05-26T15:20:56+02:00 INFO (6): Bootstrap Bootstrap::_initLogging
2019-05-26T15:20:58+02:00 INFO (6): Bootstrap Bootstrap::_initLogging
2019-05-26T15:21:02+02:00 INFO (6): Bootstrap Bootstrap::_initLogging
2019-05-26T15:21:10+02:00 INFO (6): Bootstrap Bootstrap::_initLogging
2019-05-26T15:21:12+02:00 INFO (6): Bootstrap Bootstrap::_initLogging
2019-05-26T15:21:13+02:00 INFO (6): Bootstrap Bootstrap::_initLogging
2019-05-26T15:21:15+02:00 INFO (6): Bootstrap Bootstrap::_initLogging
2019-05-26T15:21:17+02:00 INFO (6): Bootstrap Bootstrap::_initLogging
2019-05-26T15:21:19+02:00 INFO (6): Bootstrap Bootstrap::_initLogging
2019-05-26T15:21:21+02:00 INFO (6): Bootstrap Bootstrap::_initLogging
2019-05-26T15:21:23+02:00 INFO (6): Bootstrap Bootstrap::_initLogging
2019-05-26T15:21:24+02:00 INFO (6): Bootstrap Bootstrap::_initLogging
2019-05-26T15:21:25+02:00 INFO (6): Bootstrap Bootstrap::_initLogging
2019-05-26T15:21:27+02:00 INFO (6): Bootstrap Bootstrap::_initLogging
2019-05-26T15:21:28+02:00 INFO (6): Bootstrap Bootstrap::_initLogging
2019-05-26T15:21:30+02:00 INFO (6): Bootstrap Bootstrap::_initLogging
2019-05-26T15:21:32+02:00 INFO (6): Bootstrap Bootstrap::_initLogging
2019-05-26T15:21:34+02:00 INFO (6): Bootstrap Bootstrap::_initLogging
2019-05-26T15:21:36+02:00 INFO (6): Bootstrap Bootstrap::_initLogging
2019-05-26T15:21:38+02:00 INFO (6): Bootstrap Bootstrap::_initLogging
2019-05-26T15:21:40+02:00 INFO (6): Bootstrap Bootstrap::_initLogging
2019-05-26T15:21:42+02:00 INFO (6): Bootstrap Bootstrap::_initLogging
2019-05-26T15:21:43+02:00 INFO (6): Bootstrap Bootstrap::_initLogging
2019-05-26T15:21:45+02:00 INFO (6): Bootstrap Bootstrap::_initLogging
2019-05-26T15:21:47+02:00 INFO (6): Bootstrap Bootstrap::_initLogging
2019-05-26T15:21:49+02:00 INFO (6): Bootstrap Bootstrap::_initLogging
2019-05-26T15:21:51+02:00 INFO (6): Bootstrap Bootstrap::_initLogging
2019-05-26T15:21:53+02:00 INFO (6): Bootstrap Bootstrap::_initLogging
2019-05-26T15:21:55+02:00 INFO (6): Bootstrap Bootstrap::_initLogging
2019-05-26T15:21:57+02:00 INFO (6): Bootstrap Bootstrap::_initLogging
2019-05-26T15:21:59+02:00 INFO (6): Bootstrap Bootstrap::_initLogging
2019-05-26T15:22:00+02:00 INFO (6): Bootstrap Bootstrap::_initLogging
2019-05-26T15:22:02+02:00 INFO (6): Bootstrap Bootstrap::_initLogging
2019-05-26T15:22:04+02:00 INFO (6): Bootstrap Bootstrap::_initLogging
2019-05-26T15:22:06+02:00 INFO (6): Bootstrap Bootstrap::_initLogging
2019-05-26T15:22:08+02:00 INFO (6): Bootstrap Bootstrap::_initLogging
2019-05-26T15:22:10+02:00 INFO (6): Bootstrap Bootstrap::_initLogging
2019-05-26T15:22:12+02:00 INFO (6): Bootstrap Bootstrap::_initLogging
2019-05-26T15:22:14+02:00 INFO (6): Bootstrap Bootstrap::_initLogging
2019-05-26T15:22:15+02:00 INFO (6): Bootstrap Bootstrap::_initLogging
2019-05-26T15:22:17+02:00 INFO (6): Bootstrap Bootstrap::_initLogging
2019-05-26T15:22:19+02:00 INFO (6): Bootstrap Bootstrap::_initLogging
2019-05-26T15:22:21+02:00 INFO (6): Bootstrap Bootstrap::_initLogging
2019-05-26T15:22:23+02:00 INFO (6): Bootstrap Bootstrap::_initLogging
2019-05-26T15:22:25+02:00 INFO (6): Bootstrap Bootstrap::_initLogging
2019-05-26T15:22:27+02:00 INFO (6): Bootstrap Bootstrap::_initLogging
2019-05-26T15:22:29+02:00 INFO (6): Bootstrap Bootstrap::_initLogging
2019-05-26T15:22:31+02:00 INFO (6): Bootstrap Bootstrap::_initLogging
2019-05-26T15:22:32+02:00 INFO (6): Bootstrap Bootstrap::_initLogging
2019-05-26T15:22:34+02:00 INFO (6): Bootstrap Bootstrap::_initLogging
2019-05-26T15:22:36+02:00 INFO (6): Bootstrap Bootstrap::_initLogging
2019-05-26T15:22:38+02:00 INFO (6): Bootstrap Bootstrap::_initLogging
2019-05-26T15:22:40+02:00 INFO (6): Bootstrap Bootstrap::_initLogging
2019-05-26T15:22:42+02:00 INFO (6): Bootstrap Bootstrap::_initLogging
2019-05-26T15:22:44+02:00 INFO (6): Bootstrap Bootstrap::_initLogging
2019-05-26T15:22:45+02:00 INFO (6): Bootstrap Bootstrap::_initLogging
2019-05-26T15:22:47+02:00 INFO (6): Bootstrap Bootstrap::_initLogging
2019-05-26T15:22:49+02:00 INFO (6): Bootstrap Bootstrap::_initLogging
2019-05-26T15:22:51+02:00 INFO (6): Bootstrap Bootstrap::_initLogging
2019-05-26T15:22:53+02:00 INFO (6): Bootstrap Bootstrap::_initLogging
2019-05-26T15:22:55+02:00 INFO (6): Bootstrap Bootstrap::_initLogging
2019-05-26T15:22:57+02:00 INFO (6): Bootstrap Bootstrap::_initLogging
2019-05-26T15:22:58+02:00 INFO (6): Bootstrap Bootstrap::_initLogging
2019-05-26T15:23:00+02:00 INFO (6): Bootstrap Bootstrap::_initLogging
2019-05-26T15:23:02+02:00 INFO (6): Bootstrap Bootstrap::_initLogging
2019-05-26T15:23:04+02:00 INFO (6): Bootstrap Bootstrap::_initLogging
2019-05-26T15:23:06+02:00 INFO (6): Bootstrap Bootstrap::_initLogging
2019-05-26T15:23:08+02:00 INFO (6): Bootstrap Bootstrap::_initLogging
2019-05-26T15:23:10+02:00 INFO (6): Bootstrap Bootstrap::_initLogging
2019-05-26T15:23:11+02:00 INFO (6): Bootstrap Bootstrap::_initLogging
2019-05-26T15:23:13+02:00 INFO (6): Bootstrap Bootstrap::_initLogging
2019-05-26T15:23:15+02:00 INFO (6): Bootstrap Bootstrap::_initLogging
2019-05-26T15:23:17+02:00 INFO (6): Bootstrap Bootstrap::_initLogging
2019-05-26T15:23:19+02:00 INFO (6): Bootstrap Bootstrap::_initLogging
2019-05-26T15:23:21+02:00 INFO (6): Bootstrap Bootstrap::_initLogging
2019-05-26T15:23:23+02:00 INFO (6): Bootstrap Bootstrap::_initLogging
2019-05-26T15:23:24+02:00 INFO (6): Bootstrap Bootstrap::_initLogging
2019-05-26T15:23:26+02:00 INFO (6): Bootstrap Bootstrap::_initLogging
2019-05-26T15:23:28+02:00 INFO (6): Bootstrap Bootstrap::_initLogging
2019-05-26T15:23:30+02:00 INFO (6): Bootstrap Bootstrap::_initLogging
2019-05-26T15:23:32+02:00 INFO (6): Bootstrap Bootstrap::_initLogging
2019-05-26T15:23:34+02:00 INFO (6): Bootstrap Bootstrap::_initLogging
2019-05-26T15:23:35+02:00 INFO (6): Bootstrap Bootstrap::_initLogging
2019-05-26T15:23:37+02:00 INFO (6): Bootstrap Bootstrap::_initLogging
2019-05-26T15:23:39+02:00 INFO (6): Bootstrap Bootstrap::_initLogging
2019-05-26T15:23:41+02:00 INFO (6): Bootstrap Bootstrap::_initLogging
2019-05-26T15:23:43+02:00 INFO (6): Bootstrap Bootstrap::_initLogging
2019-05-26T15:23:45+02:00 INFO (6): Bootstrap Bootstrap::_initLogging
2019-05-26T15:23:47+02:00 INFO (6): Bootstrap Bootstrap::_initLogging
2019-05-26T15:23:49+02:00 INFO (6): Bootstrap Bootstrap::_initLogging
2019-05-26T15:23:50+02:00 INFO (6): Bootstrap Bootstrap::_initLogging
2019-05-26T15:23:52+02:00 INFO (6): Bootstrap Bootstrap::_initLogging
2019-05-26T15:23:54+02:00 INFO (6): Bootstrap Bootstrap::_initLogging
2019-05-26T15:23:56+02:00 INFO (6): Bootstrap Bootstrap::_initLogging
2019-05-26T15:23:58+02:00 INFO (6): Bootstrap Bootstrap::_initLogging
2019-05-26T15:24:00+02:00 INFO (6): Bootstrap Bootstrap::_initLogging
2019-05-26T15:24:01+02:00 INFO (6): Bootstrap Bootstrap::_initLogging
2019-05-26T15:24:03+02:00 INFO (6): Bootstrap Bootstrap::_initLogging
2019-05-26T15:24:05+02:00 INFO (6): Bootstrap Bootstrap::_initLogging
2019-05-26T15:24:07+02:00 INFO (6): Bootstrap Bootstrap::_initLogging
2019-05-26T15:24:09+02:00 INFO (6): Bootstrap Bootstrap::_initLogging
2019-05-26T15:24:11+02:00 INFO (6): Bootstrap Bootstrap::_initLogging
2019-05-26T15:24:13+02:00 INFO (6): Bootstrap Bootstrap::_initLogging
2019-05-26T15:24:15+02:00 INFO (6): Bootstrap Bootstrap::_initLogging
2019-05-26T15:24:16+02:00 INFO (6): Bootstrap Bootstrap::_initLogging
2019-05-26T15:24:18+02:00 INFO (6): Bootstrap Bootstrap::_initLogging
2019-05-26T15:24:20+02:00 INFO (6): Bootstrap Bootstrap::_initLogging
2019-05-26T15:24:22+02:00 INFO (6): Bootstrap Bootstrap::_initLogging
2019-05-26T15:24:24+02:00 INFO (6): Bootstrap Bootstrap::_initLogging
2019-05-26T15:24:26+02:00 INFO (6): Bootstrap Bootstrap::_initLogging
2019-05-26T15:24:28+02:00 INFO (6): Bootstrap Bootstrap::_initLogging
2019-05-26T15:24:29+02:00 INFO (6): Bootstrap Bootstrap::_initLogging
2019-05-26T15:24:31+02:00 INFO (6): Bootstrap Bootstrap::_initLogging
2019-05-26T15:24:33+02:00 INFO (6): Bootstrap Bootstrap::_initLogging
2019-05-26T15:24:35+02:00 INFO (6): Bootstrap Bootstrap::_initLogging
2019-05-26T15:24:37+02:00 INFO (6): Bootstrap Bootstrap::_initLogging
2019-05-26T15:24:39+02:00 INFO (6): Bootstrap Bootstrap::_initLogging
2019-05-26T15:24:41+02:00 INFO (6): Bootstrap Bootstrap::_initLogging
2019-05-26T15:24:42+02:00 INFO (6): Bootstrap Bootstrap::_initLogging
2019-05-26T15:24:44+02:00 INFO (6): Bootstrap Bootstrap::_initLogging
2019-05-26T15:24:46+02:00 INFO (6): Bootstrap Bootstrap::_initLogging
2019-05-26T15:24:48+02:00 INFO (6): Bootstrap Bootstrap::_initLogging
2019-05-26T15:24:50+02:00 INFO (6): Bootstrap Bootstrap::_initLogging
2019-05-26T15:24:52+02:00 INFO (6): Bootstrap Bootstrap::_initLogging
2019-05-26T15:24:54+02:00 INFO (6): Bootstrap Bootstrap::_initLogging
2019-05-26T15:24:56+02:00 INFO (6): Bootstrap Bootstrap::_initLogging
2019-05-26T15:24:57+02:00 INFO (6): Bootstrap Bootstrap::_initLogging
2019-05-26T15:24:59+02:00 INFO (6): Bootstrap Bootstrap::_initLogging
2019-05-26T15:25:01+02:00 INFO (6): Bootstrap Bootstrap::_initLogging
2019-05-26T15:25:03+02:00 INFO (6): Bootstrap Bootstrap::_initLogging
2019-05-26T15:25:05+02:00 INFO (6): Bootstrap Bootstrap::_initLogging
2019-05-26T15:25:07+02:00 INFO (6): Bootstrap Bootstrap::_initLogging
2019-05-26T15:25:08+02:00 INFO (6): Bootstrap Bootstrap::_initLogging
2019-05-26T15:25:10+02:00 INFO (6): Bootstrap Bootstrap::_initLogging
2019-05-26T15:25:12+02:00 INFO (6): Bootstrap Bootstrap::_initLogging
2019-05-26T15:25:14+02:00 INFO (6): Bootstrap Bootstrap::_initLogging
2019-05-26T15:25:16+02:00 INFO (6): Bootstrap Bootstrap::_initLogging
2019-05-26T15:25:18+02:00 INFO (6): Bootstrap Bootstrap::_initLogging
2019-05-26T15:25:20+02:00 INFO (6): Bootstrap Bootstrap::_initLogging
2019-05-26T15:25:21+02:00 INFO (6): Bootstrap Bootstrap::_initLogging
2019-05-26T15:25:23+02:00 INFO (6): Bootstrap Bootstrap::_initLogging
2019-05-26T15:25:25+02:00 INFO (6): Bootstrap Bootstrap::_initLogging
2019-05-26T15:25:27+02:00 INFO (6): Bootstrap Bootstrap::_initLogging
2019-05-26T15:25:29+02:00 INFO (6): Bootstrap Bootstrap::_initLogging
2019-05-26T15:25:31+02:00 INFO (6): Bootstrap Bootstrap::_initLogging
2019-05-26T15:25:33+02:00 INFO (6): Bootstrap Bootstrap::_initLogging
2019-05-26T15:25:35+02:00 INFO (6): Bootstrap Bootstrap::_initLogging
2019-05-26T15:25:36+02:00 INFO (6): Bootstrap Bootstrap::_initLogging
2019-05-26T15:25:38+02:00 INFO (6): Bootstrap Bootstrap::_initLogging
2019-05-26T15:25:40+02:00 INFO (6): Bootstrap Bootstrap::_initLogging
2019-05-26T15:25:42+02:00 INFO (6): Bootstrap Bootstrap::_initLogging
2019-05-26T15:25:44+02:00 INFO (6): Bootstrap Bootstrap::_initLogging
2019-05-26T15:25:46+02:00 INFO (6): Bootstrap Bootstrap::_initLogging
2019-05-26T15:25:48+02:00 INFO (6): Bootstrap Bootstrap::_initLogging
2019-05-26T15:25:50+02:00 INFO (6): Bootstrap Bootstrap::_initLogging
2019-05-26T15:25:50+02:00 INFO (6): Bootstrap Bootstrap::_initLogging
2019-05-26T15:25:53+02:00 INFO (6): Bootstrap Bootstrap::_initLogging
2019-05-26T15:25:55+02:00 INFO (6): Bootstrap Bootstrap::_initLogging
2019-05-26T15:25:58+02:00 INFO (6): Bootstrap Bootstrap::_initLogging
2019-05-26T15:26:00+02:00 INFO (6): Bootstrap Bootstrap::_initLogging
2019-05-26T15:26:03+02:00 INFO (6): Bootstrap Bootstrap::_initLogging
2019-05-26T15:26:08+02:00 INFO (6): Bootstrap Bootstrap::_initLogging
2019-05-26T15:26:08+02:00 INFO (6): Bootstrap Bootstrap::_initLogging
2019-05-26T15:26:10+02:00 INFO (6): Bootstrap Bootstrap::_initLogging
2019-05-26T15:26:11+02:00 INFO (6): Bootstrap Bootstrap::_initLogging
2019-05-26T15:26:25+02:00 INFO (6): Bootstrap Bootstrap::_initLogging
2019-05-26T15:26:27+02:00 INFO (6): Bootstrap Bootstrap::_initLogging
2019-05-26T15:26:30+02:00 INFO (6): Bootstrap Bootstrap::_initLogging
2019-05-26T15:26:31+02:00 INFO (6): Bootstrap Bootstrap::_initLogging
2019-05-26T15:26:32+02:00 INFO (6): Bootstrap Bootstrap::_initLogging
2019-05-26T15:26:33+02:00 INFO (6): Bootstrap Bootstrap::_initLogging
2019-05-26T15:26:35+02:00 INFO (6): Bootstrap Bootstrap::_initLogging
2019-05-26T15:26:44+02:00 INFO (6): Bootstrap Bootstrap::_initLogging
2019-05-26T15:26:52+02:00 INFO (6): Bootstrap Bootstrap::_initLogging
2019-05-26T15:26:54+02:00 INFO (6): Bootstrap Bootstrap::_initLogging
2019-05-26T15:26:55+02:00 INFO (6): Bootstrap Bootstrap::_initLogging
2019-05-26T15:26:57+02:00 INFO (6): Bootstrap Bootstrap::_initLogging
2019-05-26T15:28:47+02:00 INFO (6): Bootstrap Bootstrap::_initLogging
2019-05-26T15:28:48+02:00 INFO (6): Bootstrap Bootstrap::_initLogging
2019-05-26T15:28:49+02:00 INFO (6): Bootstrap Bootstrap::_initLogging
2019-05-26T15:28:50+02:00 INFO (6): Bootstrap Bootstrap::_initLogging
2019-05-26T15:28:51+02:00 INFO (6): Bootstrap Bootstrap::_initLogging
2019-05-26T15:28:58+02:00 INFO (6): Bootstrap Bootstrap::_initLogging
2019-05-26T15:30:14+02:00 INFO (6): Bootstrap Bootstrap::_initLogging
2019-05-26T15:30:16+02:00 INFO (6): Bootstrap Bootstrap::_initLogging
2019-05-26T15:30:46+02:00 INFO (6): Bootstrap Bootstrap::_initLogging
2019-05-26T15:30:46+02:00 INFO (6): Bootstrap Bootstrap::_initLogging
2019-05-26T15:31:13+02:00 INFO (6): Bootstrap Bootstrap::_initLogging
2019-05-26T15:31:13+02:00 INFO (6): Bootstrap Bootstrap::_initLogging
2019-05-26T15:38:39+02:00 INFO (6): Bootstrap Bootstrap::_initLogging
2019-05-26T15:38:40+02:00 INFO (6): Bootstrap Bootstrap::_initLogging
2019-05-26T15:38:41+02:00 INFO (6): Bootstrap Bootstrap::_initLogging
2019-05-26T15:38:47+02:00 INFO (6): Bootstrap Bootstrap::_initLogging
2019-05-26T15:38:47+02:00 INFO (6): Bootstrap Bootstrap::_initLogging
2019-05-26T15:43:11+02:00 INFO (6): Bootstrap Bootstrap::_initLogging
2019-05-26T15:43:11+02:00 INFO (6): Bootstrap Bootstrap::_initLogging
2019-05-26T15:43:56+02:00 INFO (6): Bootstrap Bootstrap::_initLogging
2019-05-26T15:43:56+02:00 INFO (6): Bootstrap Bootstrap::_initLogging
2019-05-26T15:43:58+02:00 INFO (6): Bootstrap Bootstrap::_initLogging
2019-05-26T15:44:00+02:00 INFO (6): Bootstrap Bootstrap::_initLogging
2019-05-26T15:44:02+02:00 INFO (6): Bootstrap Bootstrap::_initLogging
2019-05-26T15:44:09+02:00 INFO (6): Bootstrap Bootstrap::_initLogging
2019-05-26T15:44:09+02:00 INFO (6): Bootstrap Bootstrap::_initLogging
2019-05-26T15:44:33+02:00 INFO (6): Bootstrap Bootstrap::_initLogging
2019-05-26T15:44:35+02:00 INFO (6): Bootstrap Bootstrap::_initLogging
2019-05-26T15:45:30+02:00 INFO (6): Bootstrap Bootstrap::_initLogging
2019-05-26T15:47:15+02:00 INFO (6): Bootstrap Bootstrap::_initLogging
2019-05-26T15:48:00+02:00 INFO (6): Bootstrap Bootstrap::_initLogging
2019-05-26T15:48:01+02:00 INFO (6): Bootstrap Bootstrap::_initLogging
2019-05-26T15:49:35+02:00 INFO (6): Bootstrap Bootstrap::_initLogging
2019-05-26T15:49:37+02:00 INFO (6): Bootstrap Bootstrap::_initLogging
2019-05-26T15:55:31+02:00 INFO (6): Bootstrap Bootstrap::_initLogging
2019-05-26T15:55:58+02:00 INFO (6): Bootstrap Bootstrap::_initLogging
2019-05-26T15:55:58+02:00 INFO (6): Bootstrap Bootstrap::_initLogging
2019-05-26T15:56:11+02:00 INFO (6): Bootstrap Bootstrap::_initLogging
2019-05-26T15:56:22+02:00 INFO (6): Bootstrap Bootstrap::_initLogging
2019-05-26T15:56:22+02:00 INFO (6): Bootstrap Bootstrap::_initLogging
2019-05-26T16:02:52+02:00 INFO (6): Bootstrap Bootstrap::_initLogging
2019-05-26T16:02:52+02:00 INFO (6): Bootstrap Bootstrap::_initLogging
2019-05-26T16:02:54+02:00 INFO (6): Bootstrap Bootstrap::_initLogging
2019-05-26T16:02:55+02:00 INFO (6): Bootstrap Bootstrap::_initLogging
2019-05-26T16:02:56+02:00 INFO (6): Bootstrap Bootstrap::_initLogging
2019-05-26T16:03:01+02:00 INFO (6): Bootstrap Bootstrap::_initLogging
2019-05-26T16:03:02+02:00 INFO (6): Bootstrap Bootstrap::_initLogging
2019-05-26T16:03:23+02:00 INFO (6): Bootstrap Bootstrap::_initLogging
2019-05-26T16:03:27+02:00 INFO (6): Bootstrap Bootstrap::_initLogging
2019-05-26T16:03:28+02:00 INFO (6): Bootstrap Bootstrap::_initLogging
2019-05-26T16:06:10+02:00 INFO (6): Bootstrap Bootstrap::_initLogging
2019-05-26T16:06:10+02:00 INFO (6): Bootstrap Bootstrap::_initLogging
2019-05-26T16:06:19+02:00 INFO (6): Bootstrap Bootstrap::_initLogging
2019-05-26T16:06:25+02:00 INFO (6): Bootstrap Bootstrap::_initLogging
2019-05-26T16:06:25+02:00 INFO (6): Bootstrap Bootstrap::_initLogging
2019-05-26T16:06:28+02:00 INFO (6): Bootstrap Bootstrap::_initLogging
2019-05-26T16:06:28+02:00 INFO (6): Bootstrap Bootstrap::_initLogging
2019-05-26T16:07:02+02:00 INFO (6): Bootstrap Bootstrap::_initLogging
2019-05-26T16:07:09+02:00 INFO (6): Bootstrap Bootstrap::_initLogging
2019-05-26T16:07:10+02:00 INFO (6): Bootstrap Bootstrap::_initLogging
2019-05-26T16:08:23+02:00 INFO (6): Bootstrap Bootstrap::_initLogging
2019-05-26T16:08:23+02:00 INFO (6): Bootstrap Bootstrap::_initLogging
2019-05-26T16:08:27+02:00 INFO (6): Bootstrap Bootstrap::_initLogging
2019-05-26T16:08:34+02:00 INFO (6): Bootstrap Bootstrap::_initLogging
2019-05-26T16:08:34+02:00 INFO (6): Bootstrap Bootstrap::_initLogging
2019-05-26T16:09:58+02:00 INFO (6): Bootstrap Bootstrap::_initLogging
2019-05-26T16:09:58+02:00 INFO (6): Bootstrap Bootstrap::_initLogging
2019-05-26T16:10:00+02:00 INFO (6): Bootstrap Bootstrap::_initLogging
2019-05-26T16:10:04+02:00 INFO (6): Bootstrap Bootstrap::_initLogging
2019-05-26T16:10:04+02:00 INFO (6): Bootstrap Bootstrap::_initLogging
2019-05-26T16:10:22+02:00 INFO (6): Bootstrap Bootstrap::_initLogging
2019-05-26T16:10:22+02:00 INFO (6): Bootstrap Bootstrap::_initLogging
2019-05-26T16:10:24+02:00 INFO (6): Bootstrap Bootstrap::_initLogging
2019-05-26T16:10:28+02:00 INFO (6): Bootstrap Bootstrap::_initLogging
2019-05-26T16:10:29+02:00 INFO (6): Bootstrap Bootstrap::_initLogging
2019-05-26T16:11:17+02:00 INFO (6): Bootstrap Bootstrap::_initLogging
2019-05-26T16:11:22+02:00 INFO (6): Bootstrap Bootstrap::_initLogging
2019-05-26T16:11:22+02:00 INFO (6): Bootstrap Bootstrap::_initLogging
2019-05-26T16:11:24+02:00 INFO (6): Bootstrap Bootstrap::_initLogging
2019-05-26T16:11:24+02:00 INFO (6): Bootstrap Bootstrap::_initLogging
2019-05-26T16:12:05+02:00 INFO (6): Bootstrap Bootstrap::_initLogging
2019-05-26T16:12:06+02:00 INFO (6): Bootstrap Bootstrap::_initLogging
2019-05-26T16:12:08+02:00 INFO (6): Bootstrap Bootstrap::_initLogging
2019-05-26T16:12:13+02:00 INFO (6): Bootstrap Bootstrap::_initLogging
2019-05-26T16:12:13+02:00 INFO (6): Bootstrap Bootstrap::_initLogging
2019-05-26T16:15:10+02:00 INFO (6): Bootstrap Bootstrap::_initLogging
2019-05-26T16:15:11+02:00 INFO (6): Bootstrap Bootstrap::_initLogging
2019-05-26T16:15:13+02:00 INFO (6): Bootstrap Bootstrap::_initLogging
2019-05-26T16:15:17+02:00 INFO (6): Bootstrap Bootstrap::_initLogging
2019-05-26T16:15:17+02:00 INFO (6): Bootstrap Bootstrap::_initLogging
2019-05-26T16:15:34+02:00 INFO (6): Bootstrap Bootstrap::_initLogging
2019-05-26T16:15:49+02:00 INFO (6): Bootstrap Bootstrap::_initLogging
2019-05-26T16:16:54+02:00 INFO (6): Bootstrap Bootstrap::_initLogging
2019-05-26T16:16:54+02:00 INFO (6): Bootstrap Bootstrap::_initLogging
2019-05-26T16:17:00+02:00 INFO (6): Bootstrap Bootstrap::_initLogging
2019-05-26T16:17:00+02:00 INFO (6): Bootstrap Bootstrap::_initLogging
2019-05-26T16:17:03+02:00 INFO (6): Bootstrap Bootstrap::_initLogging
2019-05-26T16:27:45+02:00 INFO (6): Bootstrap Bootstrap::_initLogging
2019-05-26T16:27:45+02:00 INFO (6): Bootstrap Bootstrap::_initLogging
2019-05-26T16:27:47+02:00 INFO (6): Bootstrap Bootstrap::_initLogging
2019-05-26T16:27:52+02:00 INFO (6): Bootstrap Bootstrap::_initLogging
2019-05-26T16:27:52+02:00 INFO (6): Bootstrap Bootstrap::_initLogging
2019-05-26T16:28:42+02:00 INFO (6): Bootstrap Bootstrap::_initLogging
2019-05-26T16:28:43+02:00 INFO (6): Bootstrap Bootstrap::_initLogging
2019-05-26T16:28:46+02:00 INFO (6): Bootstrap Bootstrap::_initLogging
2019-05-26T16:28:53+02:00 INFO (6): Bootstrap Bootstrap::_initLogging
2019-05-26T16:28:53+02:00 INFO (6): Bootstrap Bootstrap::_initLogging
2019-05-26T16:28:58+02:00 INFO (6): Bootstrap Bootstrap::_initLogging
2019-05-26T16:28:58+02:00 INFO (6): Bootstrap Bootstrap::_initLogging
